{"C:\\Users\\jenin\\resolution\\resolution-frontend\\src\\hooks.server.ts": {"path":"C:\\Users\\jenin\\resolution\\resolution-frontend\\src\\hooks.server.ts","statementMap":{"0":{"start":{"line":6,"column":0},"end":{"line":6,"column":null}},"1":{"start":{"line":8,"column":30},"end":{"line":39,"column":null}},"2":{"start":{"line":9,"column":20},"end":{"line":9,"column":null}},"3":{"start":{"line":11,"column":2},"end":{"line":15,"column":null}},"4":{"start":{"line":12,"column":4},"end":{"line":12,"column":null}},"5":{"start":{"line":13,"column":4},"end":{"line":13,"column":null}},"6":{"start":{"line":14,"column":4},"end":{"line":14,"column":null}},"7":{"start":{"line":17,"column":28},"end":{"line":17,"column":null}},"8":{"start":{"line":19,"column":2},"end":{"line":25,"column":null}},"9":{"start":{"line":20,"column":26},"end":{"line":20,"column":null}},"10":{"start":{"line":21,"column":4},"end":{"line":24,"column":null}},"11":{"start":{"line":27,"column":2},"end":{"line":33,"column":null}},"12":{"start":{"line":28,"column":26},"end":{"line":28,"column":null}},"13":{"start":{"line":29,"column":4},"end":{"line":32,"column":null}},"14":{"start":{"line":35,"column":2},"end":{"line":35,"column":null}},"15":{"start":{"line":36,"column":2},"end":{"line":36,"column":null}},"16":{"start":{"line":38,"column":2},"end":{"line":38,"column":null}}},"fnMap":{"0":{"name":"(anonymous_0)","decl":{"start":{"line":8,"column":30},"end":{"line":8,"column":37}},"loc":{"start":{"line":8,"column":60},"end":{"line":39,"column":null}},"line":8}},"branchMap":{"0":{"loc":{"start":{"line":11,"column":2},"end":{"line":15,"column":null}},"type":"if","locations":[{"start":{"line":11,"column":2},"end":{"line":15,"column":null}},{"start":{},"end":{}}],"line":11},"1":{"loc":{"start":{"line":19,"column":2},"end":{"line":25,"column":null}},"type":"if","locations":[{"start":{"line":19,"column":2},"end":{"line":25,"column":null}},{"start":{},"end":{}}],"line":19},"2":{"loc":{"start":{"line":19,"column":6},"end":{"line":19,"column":32}},"type":"binary-expr","locations":[{"start":{"line":19,"column":6},"end":{"line":19,"column":17}},{"start":{"line":19,"column":17},"end":{"line":19,"column":32}}],"line":19},"3":{"loc":{"start":{"line":27,"column":2},"end":{"line":33,"column":null}},"type":"if","locations":[{"start":{"line":27,"column":2},"end":{"line":33,"column":null}},{"start":{},"end":{}}],"line":27}},"s":{"0":1,"1":1,"2":4,"3":4,"4":1,"5":1,"6":1,"7":3,"8":3,"9":1,"10":1,"11":3,"12":1,"13":1,"14":3,"15":3,"16":3},"f":{"0":4},"b":{"0":[1,3],"1":[1,2],"2":[3,2],"3":[1,2]},"meta":{"lastBranch":4,"lastFunction":1,"lastStatement":17,"seen":{"s:6:0:6:Infinity":0,"s:8:30:39:Infinity":1,"f:8:30:8:37":0,"s:9:20:9:Infinity":2,"b:11:2:15:Infinity:undefined:undefined:undefined:undefined":0,"s:11:2:15:Infinity":3,"s:12:4:12:Infinity":4,"s:13:4:13:Infinity":5,"s:14:4:14:Infinity":6,"s:17:28:17:Infinity":7,"b:19:2:25:Infinity:undefined:undefined:undefined:undefined":1,"s:19:2:25:Infinity":8,"b:19:6:19:17:19:17:19:32":2,"s:20:26:20:Infinity":9,"s:21:4:24:Infinity":10,"b:27:2:33:Infinity:undefined:undefined:undefined:undefined":3,"s:27:2:33:Infinity":11,"s:28:26:28:Infinity":12,"s:29:4:32:Infinity":13,"s:35:2:35:Infinity":14,"s:36:2:36:Infinity":15,"s:38:2:38:Infinity":16}}}
,"C:\\Users\\jenin\\resolution\\resolution-frontend\\src\\lib\\server\\validation.ts": {"path":"C:\\Users\\jenin\\resolution\\resolution-frontend\\src\\lib\\server\\validation.ts","statementMap":{"0":{"start":{"line":3,"column":38},"end":{"line":10,"column":null}},"1":{"start":{"line":9,"column":22},"end":{"line":9,"column":46}},"2":{"start":{"line":14,"column":30},"end":{"line":25,"column":null}},"3":{"start":{"line":20,"column":22},"end":{"line":20,"column":46}},"4":{"start":{"line":27,"column":27},"end":{"line":37,"column":null}},"5":{"start":{"line":33,"column":22},"end":{"line":33,"column":46}}},"fnMap":{"0":{"name":"(anonymous_0)","decl":{"start":{"line":9,"column":13},"end":{"line":9,"column":14}},"loc":{"start":{"line":9,"column":22},"end":{"line":9,"column":46}},"line":9},"1":{"name":"(anonymous_1)","decl":{"start":{"line":20,"column":13},"end":{"line":20,"column":14}},"loc":{"start":{"line":20,"column":22},"end":{"line":20,"column":46}},"line":20},"2":{"name":"(anonymous_2)","decl":{"start":{"line":33,"column":13},"end":{"line":33,"column":14}},"loc":{"start":{"line":33,"column":22},"end":{"line":33,"column":46}},"line":33}},"branchMap":{},"s":{"0":1,"1":2,"2":1,"3":5,"4":1,"5":3},"f":{"0":2,"1":5,"2":3},"b":{},"meta":{"lastBranch":0,"lastFunction":3,"lastStatement":6,"seen":{"s:3:38:10:Infinity":0,"f:9:13:9:14":0,"s:9:22:9:46":1,"s:14:30:25:Infinity":2,"f:20:13:20:14":1,"s:20:22:20:46":3,"s:27:27:37:Infinity":4,"f:33:13:33:14":2,"s:33:22:33:46":5}}}
,"C:\\Users\\jenin\\resolution\\resolution-frontend\\src\\lib\\server\\db\\schema.ts": {"path":"C:\\Users\\jenin\\resolution\\resolution-frontend\\src\\lib\\server\\db\\schema.ts","statementMap":{"0":{"start":{"line":6,"column":13},"end":{"line":6,"column":null}},"1":{"start":{"line":7,"column":13},"end":{"line":7,"column":null}},"2":{"start":{"line":8,"column":13},"end":{"line":8,"column":null}},"3":{"start":{"line":9,"column":13},"end":{"line":9,"column":null}},"4":{"start":{"line":10,"column":13},"end":{"line":10,"column":null}},"5":{"start":{"line":11,"column":13},"end":{"line":11,"column":null}},"6":{"start":{"line":14,"column":13},"end":{"line":25,"column":null}},"7":{"start":{"line":27,"column":13},"end":{"line":31,"column":null}},"8":{"start":{"line":29,"column":53},"end":{"line":29,"column":62}},"9":{"start":{"line":33,"column":13},"end":{"line":44,"column":null}},"10":{"start":{"line":34,"column":41},"end":{"line":34,"column":57}},"11":{"start":{"line":46,"column":13},"end":{"line":57,"column":null}},"12":{"start":{"line":47,"column":41},"end":{"line":47,"column":57}},"13":{"start":{"line":48,"column":53},"end":{"line":48,"column":62}},"14":{"start":{"line":49,"column":57},"end":{"line":49,"column":75}},"15":{"start":{"line":55,"column":14},"end":{"line":57,"column":1}},"16":{"start":{"line":59,"column":13},"end":{"line":71,"column":null}},"17":{"start":{"line":60,"column":41},"end":{"line":60,"column":57}},"18":{"start":{"line":61,"column":57},"end":{"line":61,"column":66}},"19":{"start":{"line":62,"column":57},"end":{"line":62,"column":75}},"20":{"start":{"line":73,"column":13},"end":{"line":83,"column":null}},"21":{"start":{"line":74,"column":41},"end":{"line":74,"column":57}},"22":{"start":{"line":75,"column":61},"end":{"line":75,"column":74}},"23":{"start":{"line":76,"column":67},"end":{"line":76,"column":76}},"24":{"start":{"line":77,"column":57},"end":{"line":77,"column":75}},"25":{"start":{"line":81,"column":14},"end":{"line":83,"column":1}},"26":{"start":{"line":85,"column":13},"end":{"line":93,"column":null}},"27":{"start":{"line":86,"column":41},"end":{"line":86,"column":57}},"28":{"start":{"line":87,"column":61},"end":{"line":87,"column":74}},"29":{"start":{"line":95,"column":13},"end":{"line":110,"column":null}},"30":{"start":{"line":96,"column":41},"end":{"line":96,"column":57}},"31":{"start":{"line":97,"column":53},"end":{"line":97,"column":62}},"32":{"start":{"line":98,"column":57},"end":{"line":98,"column":75}},"33":{"start":{"line":99,"column":51},"end":{"line":99,"column":64}},"34":{"start":{"line":108,"column":14},"end":{"line":110,"column":1}},"35":{"start":{"line":112,"column":13},"end":{"line":122,"column":null}},"36":{"start":{"line":113,"column":41},"end":{"line":113,"column":57}},"37":{"start":{"line":114,"column":65},"end":{"line":114,"column":74}},"38":{"start":{"line":115,"column":57},"end":{"line":115,"column":75}},"39":{"start":{"line":124,"column":13},"end":{"line":131,"column":null}},"40":{"start":{"line":125,"column":41},"end":{"line":125,"column":57}},"41":{"start":{"line":126,"column":57},"end":{"line":126,"column":78}},"42":{"start":{"line":127,"column":61},"end":{"line":127,"column":74}},"43":{"start":{"line":133,"column":13},"end":{"line":140,"column":null}},"44":{"start":{"line":134,"column":41},"end":{"line":134,"column":57}},"45":{"start":{"line":135,"column":53},"end":{"line":135,"column":62}},"46":{"start":{"line":138,"column":14},"end":{"line":140,"column":1}},"47":{"start":{"line":143,"column":13},"end":{"line":153,"column":null}},"48":{"start":{"line":143,"column":60},"end":{"line":153,"column":4}},"49":{"start":{"line":155,"column":13},"end":{"line":157,"column":null}},"50":{"start":{"line":155,"column":65},"end":{"line":157,"column":2}},"51":{"start":{"line":159,"column":13},"end":{"line":165,"column":null}},"52":{"start":{"line":159,"column":78},"end":{"line":165,"column":2}},"53":{"start":{"line":167,"column":13},"end":{"line":170,"column":null}},"54":{"start":{"line":167,"column":85},"end":{"line":170,"column":2}},"55":{"start":{"line":172,"column":13},"end":{"line":179,"column":null}},"56":{"start":{"line":172,"column":73},"end":{"line":179,"column":2}},"57":{"start":{"line":181,"column":13},"end":{"line":185,"column":null}},"58":{"start":{"line":181,"column":87},"end":{"line":185,"column":2}},"59":{"start":{"line":187,"column":13},"end":{"line":189,"column":null}},"60":{"start":{"line":187,"column":85},"end":{"line":189,"column":2}},"61":{"start":{"line":191,"column":13},"end":{"line":195,"column":null}},"62":{"start":{"line":191,"column":71},"end":{"line":195,"column":2}},"63":{"start":{"line":197,"column":13},"end":{"line":201,"column":null}},"64":{"start":{"line":197,"column":89},"end":{"line":201,"column":2}},"65":{"start":{"line":203,"column":13},"end":{"line":206,"column":null}},"66":{"start":{"line":203,"column":91},"end":{"line":206,"column":2}},"67":{"start":{"line":208,"column":13},"end":{"line":210,"column":null}},"68":{"start":{"line":208,"column":73},"end":{"line":210,"column":2}},"69":{"start":{"line":213,"column":13},"end":{"line":221,"column":null}},"70":{"start":{"line":214,"column":40},"end":{"line":214,"column":56}},"71":{"start":{"line":215,"column":52},"end":{"line":215,"column":61}},"72":{"start":{"line":218,"column":60},"end":{"line":218,"column":67}},"73":{"start":{"line":219,"column":14},"end":{"line":221,"column":1}},"74":{"start":{"line":224,"column":13},"end":{"line":232,"column":null}},"75":{"start":{"line":225,"column":40},"end":{"line":225,"column":56}},"76":{"start":{"line":226,"column":52},"end":{"line":226,"column":61}},"77":{"start":{"line":229,"column":60},"end":{"line":229,"column":67}},"78":{"start":{"line":230,"column":14},"end":{"line":232,"column":1}},"79":{"start":{"line":235,"column":13},"end":{"line":247,"column":null}},"80":{"start":{"line":236,"column":40},"end":{"line":236,"column":56}},"81":{"start":{"line":242,"column":55},"end":{"line":242,"column":62}},"82":{"start":{"line":245,"column":14},"end":{"line":247,"column":1}},"83":{"start":{"line":249,"column":13},"end":{"line":257,"column":null}},"84":{"start":{"line":250,"column":40},"end":{"line":250,"column":56}},"85":{"start":{"line":251,"column":64},"end":{"line":251,"column":73}},"86":{"start":{"line":259,"column":13},"end":{"line":266,"column":null}},"87":{"start":{"line":260,"column":40},"end":{"line":260,"column":56}},"88":{"start":{"line":261,"column":69},"end":{"line":261,"column":86}},"89":{"start":{"line":262,"column":52},"end":{"line":262,"column":61}},"90":{"start":{"line":264,"column":14},"end":{"line":266,"column":1}},"91":{"start":{"line":268,"column":13},"end":{"line":271,"column":null}},"92":{"start":{"line":268,"column":85},"end":{"line":271,"column":2}},"93":{"start":{"line":273,"column":13},"end":{"line":276,"column":null}},"94":{"start":{"line":273,"column":81},"end":{"line":276,"column":2}},"95":{"start":{"line":278,"column":13},"end":{"line":280,"column":null}},"96":{"start":{"line":278,"column":87},"end":{"line":280,"column":2}},"97":{"start":{"line":282,"column":13},"end":{"line":285,"column":null}},"98":{"start":{"line":282,"column":81},"end":{"line":285,"column":2}},"99":{"start":{"line":287,"column":13},"end":{"line":290,"column":null}},"100":{"start":{"line":287,"column":79},"end":{"line":290,"column":2}}},"fnMap":{"0":{"name":"(anonymous_0)","decl":{"start":{"line":29,"column":47},"end":{"line":29,"column":53}},"loc":{"start":{"line":29,"column":53},"end":{"line":29,"column":62}},"line":29},"1":{"name":"(anonymous_1)","decl":{"start":{"line":34,"column":41},"end":{"line":34,"column":47}},"loc":{"start":{"line":34,"column":41},"end":{"line":34,"column":57}},"line":34},"2":{"name":"(anonymous_2)","decl":{"start":{"line":47,"column":41},"end":{"line":47,"column":47}},"loc":{"start":{"line":47,"column":41},"end":{"line":47,"column":57}},"line":47},"3":{"name":"(anonymous_3)","decl":{"start":{"line":48,"column":47},"end":{"line":48,"column":53}},"loc":{"start":{"line":48,"column":53},"end":{"line":48,"column":62}},"line":48},"4":{"name":"(anonymous_4)","decl":{"start":{"line":49,"column":51},"end":{"line":49,"column":57}},"loc":{"start":{"line":49,"column":57},"end":{"line":49,"column":75}},"line":49},"5":{"name":"(anonymous_5)","decl":{"start":{"line":55,"column":3},"end":{"line":55,"column":4}},"loc":{"start":{"line":55,"column":14},"end":{"line":57,"column":1}},"line":55},"6":{"name":"(anonymous_6)","decl":{"start":{"line":60,"column":41},"end":{"line":60,"column":47}},"loc":{"start":{"line":60,"column":41},"end":{"line":60,"column":57}},"line":60},"7":{"name":"(anonymous_7)","decl":{"start":{"line":61,"column":51},"end":{"line":61,"column":57}},"loc":{"start":{"line":61,"column":57},"end":{"line":61,"column":66}},"line":61},"8":{"name":"(anonymous_8)","decl":{"start":{"line":62,"column":51},"end":{"line":62,"column":57}},"loc":{"start":{"line":62,"column":57},"end":{"line":62,"column":75}},"line":62},"9":{"name":"(anonymous_9)","decl":{"start":{"line":74,"column":41},"end":{"line":74,"column":47}},"loc":{"start":{"line":74,"column":41},"end":{"line":74,"column":57}},"line":74},"10":{"name":"(anonymous_10)","decl":{"start":{"line":75,"column":55},"end":{"line":75,"column":61}},"loc":{"start":{"line":75,"column":61},"end":{"line":75,"column":74}},"line":75},"11":{"name":"(anonymous_11)","decl":{"start":{"line":76,"column":61},"end":{"line":76,"column":67}},"loc":{"start":{"line":76,"column":67},"end":{"line":76,"column":76}},"line":76},"12":{"name":"(anonymous_12)","decl":{"start":{"line":77,"column":51},"end":{"line":77,"column":57}},"loc":{"start":{"line":77,"column":57},"end":{"line":77,"column":75}},"line":77},"13":{"name":"(anonymous_13)","decl":{"start":{"line":81,"column":3},"end":{"line":81,"column":4}},"loc":{"start":{"line":81,"column":14},"end":{"line":83,"column":1}},"line":81},"14":{"name":"(anonymous_14)","decl":{"start":{"line":86,"column":41},"end":{"line":86,"column":47}},"loc":{"start":{"line":86,"column":41},"end":{"line":86,"column":57}},"line":86},"15":{"name":"(anonymous_15)","decl":{"start":{"line":87,"column":55},"end":{"line":87,"column":61}},"loc":{"start":{"line":87,"column":61},"end":{"line":87,"column":74}},"line":87},"16":{"name":"(anonymous_16)","decl":{"start":{"line":96,"column":41},"end":{"line":96,"column":47}},"loc":{"start":{"line":96,"column":41},"end":{"line":96,"column":57}},"line":96},"17":{"name":"(anonymous_17)","decl":{"start":{"line":97,"column":47},"end":{"line":97,"column":53}},"loc":{"start":{"line":97,"column":53},"end":{"line":97,"column":62}},"line":97},"18":{"name":"(anonymous_18)","decl":{"start":{"line":98,"column":51},"end":{"line":98,"column":57}},"loc":{"start":{"line":98,"column":57},"end":{"line":98,"column":75}},"line":98},"19":{"name":"(anonymous_19)","decl":{"start":{"line":99,"column":45},"end":{"line":99,"column":51}},"loc":{"start":{"line":99,"column":51},"end":{"line":99,"column":64}},"line":99},"20":{"name":"(anonymous_20)","decl":{"start":{"line":108,"column":3},"end":{"line":108,"column":4}},"loc":{"start":{"line":108,"column":14},"end":{"line":110,"column":1}},"line":108},"21":{"name":"(anonymous_21)","decl":{"start":{"line":113,"column":41},"end":{"line":113,"column":47}},"loc":{"start":{"line":113,"column":41},"end":{"line":113,"column":57}},"line":113},"22":{"name":"(anonymous_22)","decl":{"start":{"line":114,"column":59},"end":{"line":114,"column":65}},"loc":{"start":{"line":114,"column":65},"end":{"line":114,"column":74}},"line":114},"23":{"name":"(anonymous_23)","decl":{"start":{"line":115,"column":51},"end":{"line":115,"column":57}},"loc":{"start":{"line":115,"column":57},"end":{"line":115,"column":75}},"line":115},"24":{"name":"(anonymous_24)","decl":{"start":{"line":125,"column":41},"end":{"line":125,"column":47}},"loc":{"start":{"line":125,"column":41},"end":{"line":125,"column":57}},"line":125},"25":{"name":"(anonymous_25)","decl":{"start":{"line":126,"column":51},"end":{"line":126,"column":57}},"loc":{"start":{"line":126,"column":57},"end":{"line":126,"column":78}},"line":126},"26":{"name":"(anonymous_26)","decl":{"start":{"line":127,"column":55},"end":{"line":127,"column":61}},"loc":{"start":{"line":127,"column":61},"end":{"line":127,"column":74}},"line":127},"27":{"name":"(anonymous_27)","decl":{"start":{"line":134,"column":41},"end":{"line":134,"column":47}},"loc":{"start":{"line":134,"column":41},"end":{"line":134,"column":57}},"line":134},"28":{"name":"(anonymous_28)","decl":{"start":{"line":135,"column":47},"end":{"line":135,"column":53}},"loc":{"start":{"line":135,"column":53},"end":{"line":135,"column":62}},"line":135},"29":{"name":"(anonymous_29)","decl":{"start":{"line":138,"column":3},"end":{"line":138,"column":4}},"loc":{"start":{"line":138,"column":14},"end":{"line":140,"column":1}},"line":138},"30":{"name":"(anonymous_30)","decl":{"start":{"line":143,"column":45},"end":{"line":143,"column":46}},"loc":{"start":{"line":143,"column":60},"end":{"line":153,"column":4}},"line":143},"31":{"name":"(anonymous_31)","decl":{"start":{"line":155,"column":51},"end":{"line":155,"column":52}},"loc":{"start":{"line":155,"column":65},"end":{"line":157,"column":2}},"line":155},"32":{"name":"(anonymous_32)","decl":{"start":{"line":159,"column":63},"end":{"line":159,"column":64}},"loc":{"start":{"line":159,"column":78},"end":{"line":165,"column":2}},"line":159},"33":{"name":"(anonymous_33)","decl":{"start":{"line":167,"column":71},"end":{"line":167,"column":72}},"loc":{"start":{"line":167,"column":85},"end":{"line":170,"column":2}},"line":167},"34":{"name":"(anonymous_34)","decl":{"start":{"line":172,"column":53},"end":{"line":172,"column":54}},"loc":{"start":{"line":172,"column":73},"end":{"line":179,"column":2}},"line":172},"35":{"name":"(anonymous_35)","decl":{"start":{"line":181,"column":73},"end":{"line":181,"column":74}},"loc":{"start":{"line":181,"column":87},"end":{"line":185,"column":2}},"line":181},"36":{"name":"(anonymous_36)","decl":{"start":{"line":187,"column":71},"end":{"line":187,"column":72}},"loc":{"start":{"line":187,"column":85},"end":{"line":189,"column":2}},"line":187},"37":{"name":"(anonymous_37)","decl":{"start":{"line":191,"column":57},"end":{"line":191,"column":58}},"loc":{"start":{"line":191,"column":71},"end":{"line":195,"column":2}},"line":191},"38":{"name":"(anonymous_38)","decl":{"start":{"line":197,"column":69},"end":{"line":197,"column":70}},"loc":{"start":{"line":197,"column":89},"end":{"line":201,"column":2}},"line":197},"39":{"name":"(anonymous_39)","decl":{"start":{"line":203,"column":77},"end":{"line":203,"column":78}},"loc":{"start":{"line":203,"column":91},"end":{"line":206,"column":2}},"line":203},"40":{"name":"(anonymous_40)","decl":{"start":{"line":208,"column":59},"end":{"line":208,"column":60}},"loc":{"start":{"line":208,"column":73},"end":{"line":210,"column":2}},"line":208},"41":{"name":"(anonymous_41)","decl":{"start":{"line":214,"column":40},"end":{"line":214,"column":46}},"loc":{"start":{"line":214,"column":40},"end":{"line":214,"column":56}},"line":214},"42":{"name":"(anonymous_42)","decl":{"start":{"line":215,"column":46},"end":{"line":215,"column":52}},"loc":{"start":{"line":215,"column":52},"end":{"line":215,"column":61}},"line":215},"43":{"name":"(anonymous_43)","decl":{"start":{"line":218,"column":54},"end":{"line":218,"column":60}},"loc":{"start":{"line":218,"column":60},"end":{"line":218,"column":67}},"line":218},"44":{"name":"(anonymous_44)","decl":{"start":{"line":219,"column":3},"end":{"line":219,"column":4}},"loc":{"start":{"line":219,"column":14},"end":{"line":221,"column":1}},"line":219},"45":{"name":"(anonymous_45)","decl":{"start":{"line":225,"column":40},"end":{"line":225,"column":46}},"loc":{"start":{"line":225,"column":40},"end":{"line":225,"column":56}},"line":225},"46":{"name":"(anonymous_46)","decl":{"start":{"line":226,"column":46},"end":{"line":226,"column":52}},"loc":{"start":{"line":226,"column":52},"end":{"line":226,"column":61}},"line":226},"47":{"name":"(anonymous_47)","decl":{"start":{"line":229,"column":54},"end":{"line":229,"column":60}},"loc":{"start":{"line":229,"column":60},"end":{"line":229,"column":67}},"line":229},"48":{"name":"(anonymous_48)","decl":{"start":{"line":230,"column":3},"end":{"line":230,"column":4}},"loc":{"start":{"line":230,"column":14},"end":{"line":232,"column":1}},"line":230},"49":{"name":"(anonymous_49)","decl":{"start":{"line":236,"column":40},"end":{"line":236,"column":46}},"loc":{"start":{"line":236,"column":40},"end":{"line":236,"column":56}},"line":236},"50":{"name":"(anonymous_50)","decl":{"start":{"line":242,"column":49},"end":{"line":242,"column":55}},"loc":{"start":{"line":242,"column":55},"end":{"line":242,"column":62}},"line":242},"51":{"name":"(anonymous_51)","decl":{"start":{"line":245,"column":3},"end":{"line":245,"column":4}},"loc":{"start":{"line":245,"column":14},"end":{"line":247,"column":1}},"line":245},"52":{"name":"(anonymous_52)","decl":{"start":{"line":250,"column":40},"end":{"line":250,"column":46}},"loc":{"start":{"line":250,"column":40},"end":{"line":250,"column":56}},"line":250},"53":{"name":"(anonymous_53)","decl":{"start":{"line":251,"column":58},"end":{"line":251,"column":64}},"loc":{"start":{"line":251,"column":64},"end":{"line":251,"column":73}},"line":251},"54":{"name":"(anonymous_54)","decl":{"start":{"line":260,"column":40},"end":{"line":260,"column":46}},"loc":{"start":{"line":260,"column":40},"end":{"line":260,"column":56}},"line":260},"55":{"name":"(anonymous_55)","decl":{"start":{"line":261,"column":63},"end":{"line":261,"column":69}},"loc":{"start":{"line":261,"column":69},"end":{"line":261,"column":86}},"line":261},"56":{"name":"(anonymous_56)","decl":{"start":{"line":262,"column":46},"end":{"line":262,"column":52}},"loc":{"start":{"line":262,"column":52},"end":{"line":262,"column":61}},"line":262},"57":{"name":"(anonymous_57)","decl":{"start":{"line":264,"column":3},"end":{"line":264,"column":4}},"loc":{"start":{"line":264,"column":14},"end":{"line":266,"column":1}},"line":264},"58":{"name":"(anonymous_58)","decl":{"start":{"line":268,"column":71},"end":{"line":268,"column":72}},"loc":{"start":{"line":268,"column":85},"end":{"line":271,"column":2}},"line":268},"59":{"name":"(anonymous_59)","decl":{"start":{"line":273,"column":67},"end":{"line":273,"column":68}},"loc":{"start":{"line":273,"column":81},"end":{"line":276,"column":2}},"line":273},"60":{"name":"(anonymous_60)","decl":{"start":{"line":278,"column":73},"end":{"line":278,"column":74}},"loc":{"start":{"line":278,"column":87},"end":{"line":280,"column":2}},"line":278},"61":{"name":"(anonymous_61)","decl":{"start":{"line":282,"column":61},"end":{"line":282,"column":62}},"loc":{"start":{"line":282,"column":81},"end":{"line":285,"column":2}},"line":282},"62":{"name":"(anonymous_62)","decl":{"start":{"line":287,"column":65},"end":{"line":287,"column":66}},"loc":{"start":{"line":287,"column":79},"end":{"line":290,"column":2}},"line":287}},"branchMap":{},"s":{"0":2,"1":2,"2":2,"3":2,"4":2,"5":2,"6":2,"7":2,"8":0,"9":2,"10":0,"11":2,"12":0,"13":0,"14":0,"15":0,"16":2,"17":0,"18":0,"19":0,"20":2,"21":0,"22":0,"23":0,"24":0,"25":0,"26":2,"27":0,"28":0,"29":2,"30":0,"31":0,"32":0,"33":0,"34":0,"35":2,"36":0,"37":0,"38":0,"39":2,"40":0,"41":0,"42":0,"43":2,"44":0,"45":0,"46":0,"47":2,"48":0,"49":2,"50":0,"51":2,"52":0,"53":2,"54":0,"55":2,"56":0,"57":2,"58":0,"59":2,"60":0,"61":2,"62":0,"63":2,"64":0,"65":2,"66":0,"67":2,"68":0,"69":2,"70":0,"71":0,"72":0,"73":0,"74":2,"75":0,"76":0,"77":0,"78":0,"79":2,"80":0,"81":0,"82":0,"83":2,"84":0,"85":0,"86":2,"87":0,"88":0,"89":0,"90":0,"91":2,"92":0,"93":2,"94":0,"95":2,"96":0,"97":2,"98":0,"99":2,"100":0},"f":{"0":0,"1":0,"2":0,"3":0,"4":0,"5":0,"6":0,"7":0,"8":0,"9":0,"10":0,"11":0,"12":0,"13":0,"14":0,"15":0,"16":0,"17":0,"18":0,"19":0,"20":0,"21":0,"22":0,"23":0,"24":0,"25":0,"26":0,"27":0,"28":0,"29":0,"30":0,"31":0,"32":0,"33":0,"34":0,"35":0,"36":0,"37":0,"38":0,"39":0,"40":0,"41":0,"42":0,"43":0,"44":0,"45":0,"46":0,"47":0,"48":0,"49":0,"50":0,"51":0,"52":0,"53":0,"54":0,"55":0,"56":0,"57":0,"58":0,"59":0,"60":0,"61":0,"62":0},"b":{},"meta":{"lastBranch":0,"lastFunction":63,"lastStatement":101,"seen":{"s:6:13:6:Infinity":0,"s:7:13:7:Infinity":1,"s:8:13:8:Infinity":2,"s:9:13:9:Infinity":3,"s:10:13:10:Infinity":4,"s:11:13:11:Infinity":5,"s:14:13:25:Infinity":6,"s:27:13:31:Infinity":7,"f:29:47:29:53":0,"s:29:53:29:62":8,"s:33:13:44:Infinity":9,"f:34:41:34:47":1,"s:34:41:34:57":10,"s:46:13:57:Infinity":11,"f:47:41:47:47":2,"s:47:41:47:57":12,"f:48:47:48:53":3,"s:48:53:48:62":13,"f:49:51:49:57":4,"s:49:57:49:75":14,"f:55:3:55:4":5,"s:55:14:57:1":15,"s:59:13:71:Infinity":16,"f:60:41:60:47":6,"s:60:41:60:57":17,"f:61:51:61:57":7,"s:61:57:61:66":18,"f:62:51:62:57":8,"s:62:57:62:75":19,"s:73:13:83:Infinity":20,"f:74:41:74:47":9,"s:74:41:74:57":21,"f:75:55:75:61":10,"s:75:61:75:74":22,"f:76:61:76:67":11,"s:76:67:76:76":23,"f:77:51:77:57":12,"s:77:57:77:75":24,"f:81:3:81:4":13,"s:81:14:83:1":25,"s:85:13:93:Infinity":26,"f:86:41:86:47":14,"s:86:41:86:57":27,"f:87:55:87:61":15,"s:87:61:87:74":28,"s:95:13:110:Infinity":29,"f:96:41:96:47":16,"s:96:41:96:57":30,"f:97:47:97:53":17,"s:97:53:97:62":31,"f:98:51:98:57":18,"s:98:57:98:75":32,"f:99:45:99:51":19,"s:99:51:99:64":33,"f:108:3:108:4":20,"s:108:14:110:1":34,"s:112:13:122:Infinity":35,"f:113:41:113:47":21,"s:113:41:113:57":36,"f:114:59:114:65":22,"s:114:65:114:74":37,"f:115:51:115:57":23,"s:115:57:115:75":38,"s:124:13:131:Infinity":39,"f:125:41:125:47":24,"s:125:41:125:57":40,"f:126:51:126:57":25,"s:126:57:126:78":41,"f:127:55:127:61":26,"s:127:61:127:74":42,"s:133:13:140:Infinity":43,"f:134:41:134:47":27,"s:134:41:134:57":44,"f:135:47:135:53":28,"s:135:53:135:62":45,"f:138:3:138:4":29,"s:138:14:140:1":46,"s:143:13:153:Infinity":47,"f:143:45:143:46":30,"s:143:60:153:4":48,"s:155:13:157:Infinity":49,"f:155:51:155:52":31,"s:155:65:157:2":50,"s:159:13:165:Infinity":51,"f:159:63:159:64":32,"s:159:78:165:2":52,"s:167:13:170:Infinity":53,"f:167:71:167:72":33,"s:167:85:170:2":54,"s:172:13:179:Infinity":55,"f:172:53:172:54":34,"s:172:73:179:2":56,"s:181:13:185:Infinity":57,"f:181:73:181:74":35,"s:181:87:185:2":58,"s:187:13:189:Infinity":59,"f:187:71:187:72":36,"s:187:85:189:2":60,"s:191:13:195:Infinity":61,"f:191:57:191:58":37,"s:191:71:195:2":62,"s:197:13:201:Infinity":63,"f:197:69:197:70":38,"s:197:89:201:2":64,"s:203:13:206:Infinity":65,"f:203:77:203:78":39,"s:203:91:206:2":66,"s:208:13:210:Infinity":67,"f:208:59:208:60":40,"s:208:73:210:2":68,"s:213:13:221:Infinity":69,"f:214:40:214:46":41,"s:214:40:214:56":70,"f:215:46:215:52":42,"s:215:52:215:61":71,"f:218:54:218:60":43,"s:218:60:218:67":72,"f:219:3:219:4":44,"s:219:14:221:1":73,"s:224:13:232:Infinity":74,"f:225:40:225:46":45,"s:225:40:225:56":75,"f:226:46:226:52":46,"s:226:52:226:61":76,"f:229:54:229:60":47,"s:229:60:229:67":77,"f:230:3:230:4":48,"s:230:14:232:1":78,"s:235:13:247:Infinity":79,"f:236:40:236:46":49,"s:236:40:236:56":80,"f:242:49:242:55":50,"s:242:55:242:62":81,"f:245:3:245:4":51,"s:245:14:247:1":82,"s:249:13:257:Infinity":83,"f:250:40:250:46":52,"s:250:40:250:56":84,"f:251:58:251:64":53,"s:251:64:251:73":85,"s:259:13:266:Infinity":86,"f:260:40:260:46":54,"s:260:40:260:56":87,"f:261:63:261:69":55,"s:261:69:261:86":88,"f:262:46:262:52":56,"s:262:52:262:61":89,"f:264:3:264:4":57,"s:264:14:266:1":90,"s:268:13:271:Infinity":91,"f:268:71:268:72":58,"s:268:85:271:2":92,"s:273:13:276:Infinity":93,"f:273:67:273:68":59,"s:273:81:276:2":94,"s:278:13:280:Infinity":95,"f:278:73:278:74":60,"s:278:87:280:2":96,"s:282:13:285:Infinity":97,"f:282:61:282:62":61,"s:282:81:285:2":98,"s:287:13:290:Infinity":99,"f:287:65:287:66":62,"s:287:79:290:2":100}}}
,"C:\\Users\\jenin\\resolution\\resolution-frontend\\src\\lib\\server\\services\\enrollmentService.ts": {"path":"C:\\Users\\jenin\\resolution\\resolution-frontend\\src\\lib\\server\\services\\enrollmentService.ts","statementMap":{"0":{"start":{"line":15,"column":19},"end":{"line":15,"column":null}},"1":{"start":{"line":16,"column":16},"end":{"line":16,"column":null}},"2":{"start":{"line":17,"column":17},"end":{"line":17,"column":null}},"3":{"start":{"line":18,"column":1},"end":{"line":18,"column":null}},"4":{"start":{"line":22,"column":1},"end":{"line":22,"column":null}},"5":{"start":{"line":25,"column":33},"end":{"line":200,"column":null}},"6":{"start":{"line":31,"column":17},"end":{"line":33,"column":null}},"7":{"start":{"line":35,"column":2},"end":{"line":37,"column":null}},"8":{"start":{"line":36,"column":3},"end":{"line":36,"column":null}},"9":{"start":{"line":39,"column":23},"end":{"line":39,"column":null}},"10":{"start":{"line":41,"column":19},"end":{"line":47,"column":null}},"11":{"start":{"line":49,"column":2},"end":{"line":55,"column":null}},"12":{"start":{"line":50,"column":21},"end":{"line":53,"column":null}},"13":{"start":{"line":54,"column":3},"end":{"line":54,"column":null}},"14":{"start":{"line":57,"column":20},"end":{"line":64,"column":null}},"15":{"start":{"line":65,"column":2},"end":{"line":65,"column":null}},"16":{"start":{"line":77,"column":30},"end":{"line":80,"column":null}},"17":{"start":{"line":82,"column":2},"end":{"line":82,"column":null}},"18":{"start":{"line":82,"column":18},"end":{"line":82,"column":null}},"19":{"start":{"line":83,"column":2},"end":{"line":83,"column":null}},"20":{"start":{"line":83,"column":15},"end":{"line":83,"column":null}},"21":{"start":{"line":85,"column":23},"end":{"line":85,"column":null}},"22":{"start":{"line":87,"column":19},"end":{"line":93,"column":null}},"23":{"start":{"line":95,"column":2},"end":{"line":101,"column":null}},"24":{"start":{"line":96,"column":21},"end":{"line":99,"column":null}},"25":{"start":{"line":100,"column":3},"end":{"line":100,"column":null}},"26":{"start":{"line":103,"column":20},"end":{"line":110,"column":null}},"27":{"start":{"line":111,"column":2},"end":{"line":111,"column":null}},"28":{"start":{"line":118,"column":17},"end":{"line":120,"column":null}},"29":{"start":{"line":122,"column":2},"end":{"line":122,"column":null}},"30":{"start":{"line":122,"column":15},"end":{"line":122,"column":null}},"31":{"start":{"line":124,"column":2},"end":{"line":129,"column":null}},"32":{"start":{"line":137,"column":21},"end":{"line":144,"column":null}},"33":{"start":{"line":146,"column":2},"end":{"line":146,"column":null}},"34":{"start":{"line":153,"column":2},"end":{"line":153,"column":null}},"35":{"start":{"line":160,"column":2},"end":{"line":160,"column":null}},"36":{"start":{"line":167,"column":17},"end":{"line":169,"column":null}},"37":{"start":{"line":171,"column":2},"end":{"line":171,"column":null}},"38":{"start":{"line":171,"column":15},"end":{"line":171,"column":null}},"39":{"start":{"line":173,"column":2},"end":{"line":173,"column":null}},"40":{"start":{"line":184,"column":19},"end":{"line":190,"column":null}},"41":{"start":{"line":192,"column":2},"end":{"line":192,"column":null}},"42":{"start":{"line":192,"column":17},"end":{"line":192,"column":null}},"43":{"start":{"line":194,"column":20},"end":{"line":197,"column":null}},"44":{"start":{"line":198,"column":2},"end":{"line":198,"column":null}}},"fnMap":{"0":{"name":"computeStartingWeek","decl":{"start":{"line":10,"column":9},"end":{"line":10,"column":null}},"loc":{"start":{"line":14,"column":10},"end":{"line":19,"column":null}},"line":14},"1":{"name":"getCurrentWeek","decl":{"start":{"line":21,"column":9},"end":{"line":21,"column":24}},"loc":{"start":{"line":21,"column":68},"end":{"line":23,"column":null}},"line":21},"2":{"name":"(anonymous_2)","decl":{"start":{"line":30,"column":7},"end":{"line":30,"column":25}},"loc":{"start":{"line":30,"column":89},"end":{"line":66,"column":null}},"line":30},"3":{"name":"(anonymous_3)","decl":{"start":{"line":72,"column":7},"end":{"line":72,"column":null}},"loc":{"start":{"line":76,"column":31},"end":{"line":112,"column":null}},"line":76},"4":{"name":"(anonymous_4)","decl":{"start":{"line":117,"column":7},"end":{"line":117,"column":32}},"loc":{"start":{"line":117,"column":98},"end":{"line":130,"column":null}},"line":117},"5":{"name":"(anonymous_5)","decl":{"start":{"line":136,"column":7},"end":{"line":136,"column":15}},"loc":{"start":{"line":136,"column":86},"end":{"line":147,"column":null}},"line":136},"6":{"name":"(anonymous_6)","decl":{"start":{"line":152,"column":7},"end":{"line":152,"column":20}},"loc":{"start":{"line":152,"column":72},"end":{"line":154,"column":null}},"line":152},"7":{"name":"(anonymous_7)","decl":{"start":{"line":159,"column":7},"end":{"line":159,"column":21}},"loc":{"start":{"line":159,"column":73},"end":{"line":161,"column":null}},"line":159},"8":{"name":"(anonymous_8)","decl":{"start":{"line":166,"column":7},"end":{"line":166,"column":28}},"loc":{"start":{"line":166,"column":65},"end":{"line":174,"column":null}},"line":166},"9":{"name":"(anonymous_9)","decl":{"start":{"line":179,"column":7},"end":{"line":179,"column":null}},"loc":{"start":{"line":183,"column":38},"end":{"line":199,"column":null}},"line":183}},"branchMap":{"0":{"loc":{"start":{"line":13,"column":1},"end":{"line":13,"column":null}},"type":"default-arg","locations":[{"start":{"line":13,"column":17},"end":{"line":13,"column":null}}],"line":13},"1":{"loc":{"start":{"line":35,"column":2},"end":{"line":37,"column":null}},"type":"if","locations":[{"start":{"line":35,"column":2},"end":{"line":37,"column":null}},{"start":{},"end":{}}],"line":35},"2":{"loc":{"start":{"line":49,"column":2},"end":{"line":55,"column":null}},"type":"if","locations":[{"start":{"line":49,"column":2},"end":{"line":55,"column":null}},{"start":{},"end":{}}],"line":49},"3":{"loc":{"start":{"line":75,"column":2},"end":{"line":75,"column":null}},"type":"default-arg","locations":[{"start":{"line":75,"column":21},"end":{"line":75,"column":null}}],"line":75},"4":{"loc":{"start":{"line":82,"column":2},"end":{"line":82,"column":null}},"type":"if","locations":[{"start":{"line":82,"column":2},"end":{"line":82,"column":null}},{"start":{},"end":{}}],"line":82},"5":{"loc":{"start":{"line":83,"column":2},"end":{"line":83,"column":null}},"type":"if","locations":[{"start":{"line":83,"column":2},"end":{"line":83,"column":null}},{"start":{},"end":{}}],"line":83},"6":{"loc":{"start":{"line":95,"column":2},"end":{"line":101,"column":null}},"type":"if","locations":[{"start":{"line":95,"column":2},"end":{"line":101,"column":null}},{"start":{},"end":{}}],"line":95},"7":{"loc":{"start":{"line":122,"column":2},"end":{"line":122,"column":null}},"type":"if","locations":[{"start":{"line":122,"column":2},"end":{"line":122,"column":null}},{"start":{},"end":{}}],"line":122},"8":{"loc":{"start":{"line":146,"column":9},"end":{"line":146,"column":null}},"type":"binary-expr","locations":[{"start":{"line":146,"column":9},"end":{"line":146,"column":25}},{"start":{"line":146,"column":25},"end":{"line":146,"column":null}}],"line":146},"9":{"loc":{"start":{"line":171,"column":2},"end":{"line":171,"column":null}},"type":"if","locations":[{"start":{"line":171,"column":2},"end":{"line":171,"column":null}},{"start":{},"end":{}}],"line":171},"10":{"loc":{"start":{"line":192,"column":2},"end":{"line":192,"column":null}},"type":"if","locations":[{"start":{"line":192,"column":2},"end":{"line":192,"column":null}},{"start":{},"end":{}}],"line":192}},"s":{"0":2,"1":2,"2":2,"3":2,"4":0,"5":1,"6":3,"7":3,"8":1,"9":2,"10":2,"11":2,"12":1,"13":1,"14":1,"15":1,"16":0,"17":0,"18":0,"19":0,"20":0,"21":0,"22":0,"23":0,"24":0,"25":0,"26":0,"27":0,"28":0,"29":0,"30":0,"31":0,"32":3,"33":3,"34":0,"35":0,"36":0,"37":0,"38":0,"39":0,"40":2,"41":2,"42":1,"43":1,"44":1},"f":{"0":2,"1":0,"2":3,"3":0,"4":0,"5":3,"6":0,"7":0,"8":0,"9":2},"b":{"0":[2],"1":[1,2],"2":[1,1],"3":[0],"4":[0,0],"5":[0,0],"6":[0,0],"7":[0,0],"8":[3,2],"9":[0,0],"10":[1,1]},"meta":{"lastBranch":11,"lastFunction":10,"lastStatement":45,"seen":{"f:10:9:10:Infinity":0,"b:13:17:13:Infinity":0,"s:15:19:15:Infinity":0,"s:16:16:16:Infinity":1,"s:17:17:17:Infinity":2,"s:18:1:18:Infinity":3,"f:21:9:21:24":1,"s:22:1:22:Infinity":4,"s:25:33:200:Infinity":5,"f:30:7:30:25":2,"s:31:17:33:Infinity":6,"b:35:2:37:Infinity:undefined:undefined:undefined:undefined":1,"s:35:2:37:Infinity":7,"s:36:3:36:Infinity":8,"s:39:23:39:Infinity":9,"s:41:19:47:Infinity":10,"b:49:2:55:Infinity:undefined:undefined:undefined:undefined":2,"s:49:2:55:Infinity":11,"s:50:21:53:Infinity":12,"s:54:3:54:Infinity":13,"s:57:20:64:Infinity":14,"s:65:2:65:Infinity":15,"f:72:7:72:Infinity":3,"b:75:21:75:Infinity":3,"s:77:30:80:Infinity":16,"b:82:2:82:Infinity:undefined:undefined:undefined:undefined":4,"s:82:2:82:Infinity":17,"s:82:18:82:Infinity":18,"b:83:2:83:Infinity:undefined:undefined:undefined:undefined":5,"s:83:2:83:Infinity":19,"s:83:15:83:Infinity":20,"s:85:23:85:Infinity":21,"s:87:19:93:Infinity":22,"b:95:2:101:Infinity:undefined:undefined:undefined:undefined":6,"s:95:2:101:Infinity":23,"s:96:21:99:Infinity":24,"s:100:3:100:Infinity":25,"s:103:20:110:Infinity":26,"s:111:2:111:Infinity":27,"f:117:7:117:32":4,"s:118:17:120:Infinity":28,"b:122:2:122:Infinity:undefined:undefined:undefined:undefined":7,"s:122:2:122:Infinity":29,"s:122:15:122:Infinity":30,"s:124:2:129:Infinity":31,"f:136:7:136:15":5,"s:137:21:144:Infinity":32,"s:146:2:146:Infinity":33,"b:146:9:146:25:146:25:146:Infinity":8,"f:152:7:152:20":6,"s:153:2:153:Infinity":34,"f:159:7:159:21":7,"s:160:2:160:Infinity":35,"f:166:7:166:28":8,"s:167:17:169:Infinity":36,"b:171:2:171:Infinity:undefined:undefined:undefined:undefined":9,"s:171:2:171:Infinity":37,"s:171:15:171:Infinity":38,"s:173:2:173:Infinity":39,"f:179:7:179:Infinity":9,"s:184:19:190:Infinity":40,"b:192:2:192:Infinity:undefined:undefined:undefined:undefined":10,"s:192:2:192:Infinity":41,"s:192:17:192:Infinity":42,"s:194:20:197:Infinity":43,"s:198:2:198:Infinity":44}}}
,"C:\\Users\\jenin\\resolution\\resolution-frontend\\src\\lib\\server\\services\\weeklyShipService.ts": {"path":"C:\\Users\\jenin\\resolution\\resolution-frontend\\src\\lib\\server\\services\\weeklyShipService.ts","statementMap":{"0":{"start":{"line":9,"column":33},"end":{"line":200,"column":null}},"1":{"start":{"line":21,"column":20},"end":{"line":30,"column":null}},"2":{"start":{"line":31,"column":2},"end":{"line":31,"column":null}},"3":{"start":{"line":44,"column":15},"end":{"line":46,"column":null}},"4":{"start":{"line":48,"column":2},"end":{"line":50,"column":null}},"5":{"start":{"line":49,"column":3},"end":{"line":49,"column":null}},"6":{"start":{"line":52,"column":20},"end":{"line":61,"column":null}},"7":{"start":{"line":62,"column":2},"end":{"line":62,"column":null}},"8":{"start":{"line":74,"column":15},"end":{"line":76,"column":null}},"9":{"start":{"line":78,"column":2},"end":{"line":80,"column":null}},"10":{"start":{"line":79,"column":3},"end":{"line":79,"column":null}},"11":{"start":{"line":82,"column":20},"end":{"line":89,"column":null}},"12":{"start":{"line":90,"column":2},"end":{"line":90,"column":null}},"13":{"start":{"line":101,"column":2},"end":{"line":109,"column":null}},"14":{"start":{"line":120,"column":17},"end":{"line":127,"column":null}},"15":{"start":{"line":128,"column":2},"end":{"line":128,"column":null}},"16":{"start":{"line":135,"column":2},"end":{"line":142,"column":null}},"17":{"start":{"line":149,"column":16},"end":{"line":158,"column":null}},"18":{"start":{"line":160,"column":16},"end":{"line":166,"column":null}},"19":{"start":{"line":168,"column":2},"end":{"line":185,"column":null}},"20":{"start":{"line":169,"column":17},"end":{"line":169,"column":null}},"21":{"start":{"line":170,"column":3},"end":{"line":170,"column":null}},"22":{"start":{"line":171,"column":3},"end":{"line":184,"column":null}},"23":{"start":{"line":173,"column":5},"end":{"line":173,"column":null}},"24":{"start":{"line":174,"column":5},"end":{"line":174,"column":null}},"25":{"start":{"line":176,"column":5},"end":{"line":176,"column":null}},"26":{"start":{"line":177,"column":5},"end":{"line":177,"column":null}},"27":{"start":{"line":179,"column":5},"end":{"line":179,"column":null}},"28":{"start":{"line":180,"column":5},"end":{"line":180,"column":null}},"29":{"start":{"line":182,"column":5},"end":{"line":182,"column":null}},"30":{"start":{"line":183,"column":5},"end":{"line":183,"column":null}},"31":{"start":{"line":187,"column":2},"end":{"line":187,"column":null}},"32":{"start":{"line":194,"column":2},"end":{"line":198,"column":null}}},"fnMap":{"0":{"name":"(anonymous_0)","decl":{"start":{"line":14,"column":7},"end":{"line":14,"column":18}},"loc":{"start":{"line":20,"column":25},"end":{"line":32,"column":null}},"line":20},"1":{"name":"(anonymous_1)","decl":{"start":{"line":38,"column":7},"end":{"line":38,"column":null}},"loc":{"start":{"line":43,"column":24},"end":{"line":63,"column":null}},"line":43},"2":{"name":"(anonymous_2)","decl":{"start":{"line":69,"column":7},"end":{"line":69,"column":null}},"loc":{"start":{"line":73,"column":24},"end":{"line":91,"column":null}},"line":73},"3":{"name":"(anonymous_3)","decl":{"start":{"line":96,"column":7},"end":{"line":96,"column":null}},"loc":{"start":{"line":100,"column":80},"end":{"line":110,"column":null}},"line":100},"4":{"name":"(anonymous_4)","decl":{"start":{"line":115,"column":7},"end":{"line":115,"column":null}},"loc":{"start":{"line":119,"column":20},"end":{"line":129,"column":null}},"line":119},"5":{"name":"(anonymous_5)","decl":{"start":{"line":134,"column":7},"end":{"line":134,"column":26}},"loc":{"start":{"line":134,"column":137},"end":{"line":143,"column":null}},"line":134},"6":{"name":"(anonymous_6)","decl":{"start":{"line":148,"column":7},"end":{"line":148,"column":24}},"loc":{"start":{"line":148,"column":58},"end":{"line":188,"column":null}},"line":148},"7":{"name":"(anonymous_7)","decl":{"start":{"line":193,"column":7},"end":{"line":193,"column":24}},"loc":{"start":{"line":193,"column":106},"end":{"line":199,"column":null}},"line":193}},"branchMap":{"0":{"loc":{"start":{"line":48,"column":2},"end":{"line":50,"column":null}},"type":"if","locations":[{"start":{"line":48,"column":2},"end":{"line":50,"column":null}},{"start":{},"end":{}}],"line":48},"1":{"loc":{"start":{"line":48,"column":6},"end":{"line":48,"column":39}},"type":"binary-expr","locations":[{"start":{"line":48,"column":6},"end":{"line":48,"column":15}},{"start":{"line":48,"column":15},"end":{"line":48,"column":39}}],"line":48},"2":{"loc":{"start":{"line":78,"column":2},"end":{"line":80,"column":null}},"type":"if","locations":[{"start":{"line":78,"column":2},"end":{"line":80,"column":null}},{"start":{},"end":{}}],"line":78},"3":{"loc":{"start":{"line":78,"column":6},"end":{"line":78,"column":39}},"type":"binary-expr","locations":[{"start":{"line":78,"column":6},"end":{"line":78,"column":15}},{"start":{"line":78,"column":15},"end":{"line":78,"column":39}}],"line":78},"4":{"loc":{"start":{"line":85,"column":15},"end":{"line":85,"column":null}},"type":"cond-expr","locations":[{"start":{"line":85,"column":38},"end":{"line":85,"column":51}},{"start":{"line":85,"column":51},"end":{"line":85,"column":null}}],"line":85},"5":{"loc":{"start":{"line":128,"column":9},"end":{"line":128,"column":null}},"type":"binary-expr","locations":[{"start":{"line":128,"column":9},"end":{"line":128,"column":29}},{"start":{"line":128,"column":29},"end":{"line":128,"column":null}}],"line":128},"6":{"loc":{"start":{"line":171,"column":3},"end":{"line":184,"column":null}},"type":"switch","locations":[{"start":{"line":172,"column":4},"end":{"line":174,"column":null}},{"start":{"line":175,"column":4},"end":{"line":177,"column":null}},{"start":{"line":178,"column":4},"end":{"line":180,"column":null}},{"start":{"line":181,"column":4},"end":{"line":183,"column":null}}],"line":171}},"s":{"0":1,"1":1,"2":1,"3":3,"4":3,"5":2,"6":1,"7":1,"8":2,"9":2,"10":1,"11":1,"12":1,"13":0,"14":0,"15":0,"16":0,"17":0,"18":0,"19":0,"20":0,"21":0,"22":0,"23":0,"24":0,"25":0,"26":0,"27":0,"28":0,"29":0,"30":0,"31":0,"32":0},"f":{"0":1,"1":3,"2":2,"3":0,"4":0,"5":0,"6":0,"7":0},"b":{"0":[2,1],"1":[3,2],"2":[1,1],"3":[2,2],"4":[0,1],"5":[0,0],"6":[0,0,0,0]},"meta":{"lastBranch":7,"lastFunction":8,"lastStatement":33,"seen":{"s:9:33:200:Infinity":0,"f:14:7:14:18":0,"s:21:20:30:Infinity":1,"s:31:2:31:Infinity":2,"f:38:7:38:Infinity":1,"s:44:15:46:Infinity":3,"b:48:2:50:Infinity:undefined:undefined:undefined:undefined":0,"s:48:2:50:Infinity":4,"b:48:6:48:15:48:15:48:39":1,"s:49:3:49:Infinity":5,"s:52:20:61:Infinity":6,"s:62:2:62:Infinity":7,"f:69:7:69:Infinity":2,"s:74:15:76:Infinity":8,"b:78:2:80:Infinity:undefined:undefined:undefined:undefined":2,"s:78:2:80:Infinity":9,"b:78:6:78:15:78:15:78:39":3,"s:79:3:79:Infinity":10,"s:82:20:89:Infinity":11,"b:85:38:85:51:85:51:85:Infinity":4,"s:90:2:90:Infinity":12,"f:96:7:96:Infinity":3,"s:101:2:109:Infinity":13,"f:115:7:115:Infinity":4,"s:120:17:127:Infinity":14,"s:128:2:128:Infinity":15,"b:128:9:128:29:128:29:128:Infinity":5,"f:134:7:134:26":5,"s:135:2:142:Infinity":16,"f:148:7:148:24":6,"s:149:16:158:Infinity":17,"s:160:16:166:Infinity":18,"s:168:2:185:Infinity":19,"s:169:17:169:Infinity":20,"s:170:3:170:Infinity":21,"b:172:4:174:Infinity:175:4:177:Infinity:178:4:180:Infinity:181:4:183:Infinity":6,"s:171:3:184:Infinity":22,"s:173:5:173:Infinity":23,"s:174:5:174:Infinity":24,"s:176:5:176:Infinity":25,"s:177:5:177:Infinity":26,"s:179:5:179:Infinity":27,"s:180:5:180:Infinity":28,"s:182:5:182:Infinity":29,"s:183:5:183:Infinity":30,"s:187:2:187:Infinity":31,"f:193:7:193:24":7,"s:194:2:198:Infinity":32}}}
,"C:\\Users\\jenin\\resolution\\resolution-frontend\\src\\lib\\server\\validation\\index.ts": {"path":"C:\\Users\\jenin\\resolution\\resolution-frontend\\src\\lib\\server\\validation\\index.ts","statementMap":{"0":{"start":{"line":14,"column":16},"end":{"line":14,"column":null}},"1":{"start":{"line":16,"column":1},"end":{"line":19,"column":null}},"2":{"start":{"line":17,"column":19},"end":{"line":17,"column":null}},"3":{"start":{"line":17,"column":71},"end":{"line":17,"column":80}},"4":{"start":{"line":18,"column":2},"end":{"line":18,"column":null}},"5":{"start":{"line":21,"column":1},"end":{"line":21,"column":null}},"6":{"start":{"line":31,"column":18},"end":{"line":31,"column":null}},"7":{"start":{"line":32,"column":39},"end":{"line":32,"column":null}},"8":{"start":{"line":34,"column":1},"end":{"line":45,"column":null}},"9":{"start":{"line":35,"column":2},"end":{"line":44,"column":null}},"10":{"start":{"line":36,"column":15},"end":{"line":36,"column":null}},"11":{"start":{"line":37,"column":3},"end":{"line":41,"column":null}},"12":{"start":{"line":38,"column":4},"end":{"line":38,"column":null}},"13":{"start":{"line":40,"column":4},"end":{"line":40,"column":null}},"14":{"start":{"line":43,"column":3},"end":{"line":43,"column":null}},"15":{"start":{"line":47,"column":1},"end":{"line":47,"column":null}},"16":{"start":{"line":59,"column":1},"end":{"line":63,"column":null}},"17":{"start":{"line":60,"column":2},"end":{"line":60,"column":null}},"18":{"start":{"line":62,"column":2},"end":{"line":62,"column":null}},"19":{"start":{"line":65,"column":1},"end":{"line":65,"column":null}}},"fnMap":{"0":{"name":"validate","decl":{"start":{"line":10,"column":16},"end":{"line":10,"column":null}},"loc":{"start":{"line":13,"column":14},"end":{"line":22,"column":null}},"line":13},"1":{"name":"(anonymous_1)","decl":{"start":{"line":17,"column":43},"end":{"line":17,"column":44}},"loc":{"start":{"line":17,"column":71},"end":{"line":17,"column":80}},"line":17},"2":{"name":"validateFormData","decl":{"start":{"line":27,"column":22},"end":{"line":27,"column":null}},"loc":{"start":{"line":30,"column":23},"end":{"line":48,"column":null}},"line":30},"3":{"name":"validateJson","decl":{"start":{"line":53,"column":22},"end":{"line":53,"column":null}},"loc":{"start":{"line":56,"column":23},"end":{"line":66,"column":null}},"line":56}},"branchMap":{"0":{"loc":{"start":{"line":16,"column":1},"end":{"line":19,"column":null}},"type":"if","locations":[{"start":{"line":16,"column":1},"end":{"line":19,"column":null}},{"start":{},"end":{}}],"line":16},"1":{"loc":{"start":{"line":35,"column":2},"end":{"line":44,"column":null}},"type":"if","locations":[{"start":{"line":35,"column":2},"end":{"line":44,"column":null}},{"start":{"line":42,"column":9},"end":{"line":44,"column":null}}],"line":35},"2":{"loc":{"start":{"line":37,"column":3},"end":{"line":41,"column":null}},"type":"if","locations":[{"start":{"line":37,"column":3},"end":{"line":41,"column":null}},{"start":{"line":39,"column":10},"end":{"line":41,"column":null}}],"line":37},"3":{"loc":{"start":{"line":37,"column":7},"end":{"line":37,"column":43}},"type":"binary-expr","locations":[{"start":{"line":37,"column":7},"end":{"line":37,"column":22}},{"start":{"line":37,"column":22},"end":{"line":37,"column":43}}],"line":37}},"s":{"0":0,"1":0,"2":0,"3":0,"4":0,"5":0,"6":0,"7":0,"8":0,"9":0,"10":0,"11":0,"12":0,"13":0,"14":0,"15":0,"16":0,"17":0,"18":0,"19":0},"f":{"0":0,"1":0,"2":0,"3":0},"b":{"0":[0,0],"1":[0,0],"2":[0,0],"3":[0,0]},"meta":{"lastBranch":4,"lastFunction":4,"lastStatement":20,"seen":{"f:10:16:10:Infinity":0,"s:14:16:14:Infinity":0,"b:16:1:19:Infinity:undefined:undefined:undefined:undefined":0,"s:16:1:19:Infinity":1,"s:17:19:17:Infinity":2,"f:17:43:17:44":1,"s:17:71:17:80":3,"s:18:2:18:Infinity":4,"s:21:1:21:Infinity":5,"f:27:22:27:Infinity":2,"s:31:18:31:Infinity":6,"s:32:39:32:Infinity":7,"s:34:1:45:Infinity":8,"b:35:2:44:Infinity:42:9:44:Infinity":1,"s:35:2:44:Infinity":9,"s:36:15:36:Infinity":10,"b:37:3:41:Infinity:39:10:41:Infinity":2,"s:37:3:41:Infinity":11,"b:37:7:37:22:37:22:37:43":3,"s:38:4:38:Infinity":12,"s:40:4:40:Infinity":13,"s:43:3:43:Infinity":14,"s:47:1:47:Infinity":15,"f:53:22:53:Infinity":3,"s:59:1:63:Infinity":16,"s:60:2:60:Infinity":17,"s:62:2:62:Infinity":18,"s:65:1:65:Infinity":19}}}
,"C:\\Users\\jenin\\resolution\\resolution-frontend\\src\\lib\\server\\validation\\schemas.ts": {"path":"C:\\Users\\jenin\\resolution\\resolution-frontend\\src\\lib\\server\\validation\\schemas.ts","statementMap":{"0":{"start":{"line":3,"column":32},"end":{"line":11,"column":null}},"1":{"start":{"line":13,"column":33},"end":{"line":20,"column":null}},"2":{"start":{"line":22,"column":38},"end":{"line":25,"column":null}},"3":{"start":{"line":27,"column":34},"end":{"line":33,"column":null}},"4":{"start":{"line":35,"column":32},"end":{"line":37,"column":null}},"5":{"start":{"line":39,"column":16},"end":{"line":42,"column":null}},"6":{"start":{"line":40,"column":10},"end":{"line":40,"column":null}},"7":{"start":{"line":44,"column":39},"end":{"line":69,"column":null}},"8":{"start":{"line":46,"column":11},"end":{"line":46,"column":null}},"9":{"start":{"line":55,"column":81},"end":{"line":55,"column":103}}},"fnMap":{"0":{"name":"(anonymous_0)","decl":{"start":{"line":40,"column":1},"end":{"line":40,"column":2}},"loc":{"start":{"line":40,"column":10},"end":{"line":40,"column":null}},"line":40},"1":{"name":"(anonymous_1)","decl":{"start":{"line":46,"column":2},"end":{"line":46,"column":3}},"loc":{"start":{"line":46,"column":11},"end":{"line":46,"column":null}},"line":46},"2":{"name":"(anonymous_2)","decl":{"start":{"line":55,"column":74},"end":{"line":55,"column":75}},"loc":{"start":{"line":55,"column":81},"end":{"line":55,"column":103}},"line":55}},"branchMap":{},"s":{"0":2,"1":2,"2":2,"3":2,"4":2,"5":2,"6":80,"7":2,"8":40,"9":37},"f":{"0":80,"1":40,"2":37},"b":{},"meta":{"lastBranch":0,"lastFunction":3,"lastStatement":10,"seen":{"s:3:32:11:Infinity":0,"s:13:33:20:Infinity":1,"s:22:38:25:Infinity":2,"s:27:34:33:Infinity":3,"s:35:32:37:Infinity":4,"s:39:16:42:Infinity":5,"f:40:1:40:2":0,"s:40:10:40:Infinity":6,"s:44:39:69:Infinity":7,"f:46:2:46:3":1,"s:46:11:46:Infinity":8,"f:55:74:55:75":2,"s:55:81:55:103":9}}}
}
